[debug] [2026-05-29T12:34:25.992Z] ----------------------------------------------------------------------
[debug] [2026-05-29T12:34:25.993Z] Command:       /opt/homebrew/Cellar/node/24.8.0/bin/node /opt/homebrew/bin/firebase deploy
[debug] [2026-05-29T12:34:25.994Z] CLI Version:   14.17.0
[debug] [2026-05-29T12:34:25.994Z] Platform:      darwin
[debug] [2026-05-29T12:34:25.994Z] Node Version:  v24.8.0
[debug] [2026-05-29T12:34:25.994Z] Time:          Fri May 29 2026 15:34:25 GMT+0300 (GMT+03:00)
[debug] [2026-05-29T12:34:25.994Z] ----------------------------------------------------------------------
[debug] 
[debug] [2026-05-29T12:34:25.994Z] >>> [apiv2][query] GET https://firebase-public.firebaseio.com/cli.json [none]
[debug] [2026-05-29T12:34:26.080Z] Object "/hosting" in "firebase.json" has unknown property: {"additionalProperty":"errorDocument"}
[debug] [2026-05-29T12:34:26.080Z] Field "/hosting" in "firebase.json" is possibly invalid: must be array
[debug] [2026-05-29T12:34:26.080Z] Field "/hosting" in "firebase.json" is possibly invalid: must match a schema in anyOf
[debug] [2026-05-29T12:34:26.082Z] > command requires scopes: ["email","openid","https://www.googleapis.com/auth/cloudplatformprojects.readonly","https://www.googleapis.com/auth/firebase","https://www.googleapis.com/auth/cloud-platform"]
[debug] [2026-05-29T12:34:26.082Z] > authorizing via signed-in user (emre.xperia9@gmail.com)
[debug] [2026-05-29T12:34:26.082Z] [iam] checking project fleuranails for permissions ["firebase.projects.get","firebasehosting.sites.update"]
[debug] [2026-05-29T12:34:26.082Z] Checked if tokens are valid: false, expires at: 1779619179118
[debug] [2026-05-29T12:34:26.082Z] Checked if tokens are valid: false, expires at: 1779619179118
[debug] [2026-05-29T12:34:26.082Z] > refreshing access token with scopes: []
[debug] [2026-05-29T12:34:26.083Z] >>> [apiv2][query] POST https://www.googleapis.com/oauth2/v3/token [none]
[debug] [2026-05-29T12:34:26.083Z] >>> [apiv2][body] POST https://www.googleapis.com/oauth2/v3/token [omitted]
[debug] [2026-05-29T12:34:26.528Z] <<< [apiv2][status] POST https://www.googleapis.com/oauth2/v3/token 200
[debug] [2026-05-29T12:34:26.529Z] <<< [apiv2][body] POST https://www.googleapis.com/oauth2/v3/token [omitted]
[debug] [2026-05-29T12:34:26.545Z] >>> [apiv2][query] POST https://cloudresourcemanager.googleapis.com/v1/projects/fleuranails:testIamPermissions [none]
[debug] [2026-05-29T12:34:26.545Z] >>> [apiv2][(partial)header] POST https://cloudresourcemanager.googleapis.com/v1/projects/fleuranails:testIamPermissions x-goog-quota-user=projects/fleuranails
[debug] [2026-05-29T12:34:26.545Z] >>> [apiv2][body] POST https://cloudresourcemanager.googleapis.com/v1/projects/fleuranails:testIamPermissions {"permissions":["firebase.projects.get","firebasehosting.sites.update"]}
[debug] [2026-05-29T12:34:26.607Z] <<< [apiv2][status] GET https://firebase-public.firebaseio.com/cli.json 200
[debug] [2026-05-29T12:34:26.607Z] <<< [apiv2][body] GET https://firebase-public.firebaseio.com/cli.json {"cloudBuildErrorAfter":1594252800000,"cloudBuildWarnAfter":1590019200000,"defaultNode10After":1594252800000,"minVersion":"3.0.5","node8DeploysDisabledAfter":1613390400000,"node8RuntimeDisabledAfter":1615809600000,"node8WarnAfter":1600128000000}
[debug] [2026-05-29T12:34:27.607Z] <<< [apiv2][status] POST https://cloudresourcemanager.googleapis.com/v1/projects/fleuranails:testIamPermissions 200
[debug] [2026-05-29T12:34:27.607Z] <<< [apiv2][body] POST https://cloudresourcemanager.googleapis.com/v1/projects/fleuranails:testIamPermissions {"permissions":["firebase.projects.get","firebasehosting.sites.update"]}
[debug] [2026-05-29T12:34:27.608Z] Checked if tokens are valid: true, expires at: 1780061665529
[debug] [2026-05-29T12:34:27.608Z] Checked if tokens are valid: true, expires at: 1780061665529
[debug] [2026-05-29T12:34:27.608Z] >>> [apiv2][query] GET https://firebase.googleapis.com/v1beta1/projects/fleuranails [none]
[debug] [2026-05-29T12:34:28.175Z] <<< [apiv2][status] GET https://firebase.googleapis.com/v1beta1/projects/fleuranails 200
[debug] [2026-05-29T12:34:28.176Z] <<< [apiv2][body] GET https://firebase.googleapis.com/v1beta1/projects/fleuranails {"projectId":"fleuranails","projectNumber":"1037259204106","displayName":"fleuranails","name":"projects/fleuranails","resources":{"hostingSite":"fleuranails"},"state":"ACTIVE","etag":"1_e5a1014d-2054-449d-a189-36729e91fade"}
[info] 
[info] === Deploying to 'fleuranails'...
[info] 
[info] i  deploying hosting 
[debug] [2026-05-29T12:34:28.180Z] Checked if tokens are valid: true, expires at: 1780061665529
[debug] [2026-05-29T12:34:28.180Z] Checked if tokens are valid: true, expires at: 1780061665529
[debug] [2026-05-29T12:34:28.180Z] >>> [apiv2][query] POST https://firebasehosting.googleapis.com/v1beta1/projects/-/sites/fleuranails/versions [none]
[debug] [2026-05-29T12:34:28.180Z] >>> [apiv2][body] POST https://firebasehosting.googleapis.com/v1beta1/projects/-/sites/fleuranails/versions {"status":"CREATED","labels":{"deployment-tool":"cli-firebase"}}
